0 info it worked if it ends with ok
1 verbose cli [ 'node', '/usr/local/bin/npm', 'install', 'selectordie' ]
2 info using npm@2.11.2
3 info using node@v0.12.5
4 verbose install initial load of /Library/WebServer/Documents/cinqs/package.json
5 verbose installManyTop reading scoped package data from /Library/WebServer/Documents/cinqs/node_modules/browser-sync/package.json
6 verbose installManyTop reading scoped package data from /Library/WebServer/Documents/cinqs/node_modules/browserify/package.json
7 verbose installManyTop reading scoped package data from /Library/WebServer/Documents/cinqs/node_modules/browserify-shim/package.json
8 verbose installManyTop reading scoped package data from /Library/WebServer/Documents/cinqs/node_modules/connect-modrewrite/package.json
9 verbose installManyTop reading scoped package data from /Library/WebServer/Documents/cinqs/node_modules/del/package.json
10 verbose installManyTop reading scoped package data from /Library/WebServer/Documents/cinqs/node_modules/gsap/package.json
11 verbose installManyTop reading scoped package data from /Library/WebServer/Documents/cinqs/node_modules/gulp/package.json
12 verbose installManyTop reading scoped package data from /Library/WebServer/Documents/cinqs/node_modules/gulp-jshint/package.json
13 verbose installManyTop reading scoped package data from /Library/WebServer/Documents/cinqs/node_modules/gulp-notify/package.json
14 verbose installManyTop reading scoped package data from /Library/WebServer/Documents/cinqs/node_modules/gulp-plumber/package.json
15 verbose installManyTop reading scoped package data from /Library/WebServer/Documents/cinqs/node_modules/gulp-sass/package.json
16 verbose installManyTop reading scoped package data from /Library/WebServer/Documents/cinqs/node_modules/gulp-streamify/package.json
17 verbose installManyTop reading scoped package data from /Library/WebServer/Documents/cinqs/node_modules/gulp-uglify/package.json
18 verbose installManyTop reading scoped package data from /Library/WebServer/Documents/cinqs/node_modules/gulp-util/package.json
19 verbose installManyTop reading scoped package data from /Library/WebServer/Documents/cinqs/node_modules/gulp-watch/package.json
20 verbose installManyTop reading scoped package data from /Library/WebServer/Documents/cinqs/node_modules/gulp.spritesmith/package.json
21 verbose installManyTop reading scoped package data from /Library/WebServer/Documents/cinqs/node_modules/html-browserify/package.json
22 verbose installManyTop reading scoped package data from /Library/WebServer/Documents/cinqs/node_modules/jquery/package.json
23 verbose installManyTop reading scoped package data from /Library/WebServer/Documents/cinqs/node_modules/jshint/package.json
24 verbose installManyTop reading scoped package data from /Library/WebServer/Documents/cinqs/node_modules/jshint-stylish/package.json
25 verbose installManyTop reading scoped package data from /Library/WebServer/Documents/cinqs/node_modules/node-bourbon/package.json
26 verbose installManyTop reading scoped package data from /Library/WebServer/Documents/cinqs/node_modules/pretty-hrtime/package.json
27 verbose installManyTop reading scoped package data from /Library/WebServer/Documents/cinqs/node_modules/require-dir/package.json
28 verbose installManyTop reading scoped package data from /Library/WebServer/Documents/cinqs/node_modules/run-sequence/package.json
29 verbose installManyTop reading scoped package data from /Library/WebServer/Documents/cinqs/node_modules/stringify/package.json
30 verbose installManyTop reading scoped package data from /Library/WebServer/Documents/cinqs/node_modules/vinyl-source-stream/package.json
31 verbose installManyTop reading scoped package data from /Library/WebServer/Documents/cinqs/node_modules/watchify/package.json
32 info package.json connect-modrewrite@0.8.2 No license field.
33 info package.json gsap@1.18.0 No license field.
34 info package.json gulp-notify@2.2.0 No license field.
35 info package.json gulp-streamify@1.0.2 No license field.
36 info package.json gulp.spritesmith@2.8.0 No license field.
37 info package.json html-browserify@0.0.6 No license field.
38 info package.json jquery@2.1.4 No license field.
39 verbose readDependencies loading dependencies from /Library/WebServer/Documents/cinqs/package.json
40 silly cache add args [ 'selectordie', null ]
41 verbose cache add spec selectordie
42 silly cache add parsed spec { raw: 'selectordie',
42 silly cache add   scope: null,
42 silly cache add   name: 'selectordie',
42 silly cache add   rawSpec: '',
42 silly cache add   spec: '*',
42 silly cache add   type: 'range' }
43 silly addNamed selectordie@*
44 verbose addNamed "*" is a valid semver range for selectordie
45 silly addNameRange { name: 'selectordie', range: '*', hasData: false }
46 silly mapToRegistry name selectordie
47 silly mapToRegistry using default registry
48 silly mapToRegistry registry https://registry.npmjs.org/
49 silly mapToRegistry uri https://registry.npmjs.org/selectordie
50 verbose addNameRange registry:https://registry.npmjs.org/selectordie not in flight; fetching
51 verbose request uri https://registry.npmjs.org/selectordie
52 verbose request no auth needed
53 info attempt registry request try #1 at 20:38:03
54 verbose request id dddcbf3ab9c092e7
55 http request GET https://registry.npmjs.org/selectordie
56 http 404 https://registry.npmjs.org/selectordie
57 verbose headers { 'content-type': 'application/json',
57 verbose headers   'cache-control': 'max-age=0',
57 verbose headers   'content-length': '2',
57 verbose headers   'accept-ranges': 'bytes',
57 verbose headers   date: 'Sat, 05 Dec 2015 19:38:04 GMT',
57 verbose headers   via: '1.1 varnish',
57 verbose headers   age: '0',
57 verbose headers   connection: 'keep-alive',
57 verbose headers   'x-served-by': 'cache-ams4125-AMS',
57 verbose headers   'x-cache': 'MISS',
57 verbose headers   'x-cache-hits': '0',
57 verbose headers   'x-timer': 'S1449344283.464534,VS0,VE686' }
58 silly get cb [ 404,
58 silly get   { 'content-type': 'application/json',
58 silly get     'cache-control': 'max-age=0',
58 silly get     'content-length': '2',
58 silly get     'accept-ranges': 'bytes',
58 silly get     date: 'Sat, 05 Dec 2015 19:38:04 GMT',
58 silly get     via: '1.1 varnish',
58 silly get     age: '0',
58 silly get     connection: 'keep-alive',
58 silly get     'x-served-by': 'cache-ams4125-AMS',
58 silly get     'x-cache': 'MISS',
58 silly get     'x-cache-hits': '0',
58 silly get     'x-timer': 'S1449344283.464534,VS0,VE686' } ]
59 verbose stack Error: Registry returned 404 for GET on https://registry.npmjs.org/selectordie
59 verbose stack     at CachingRegistryClient.<anonymous> (/usr/local/lib/node_modules/npm/node_modules/npm-registry-client/lib/request.js:239:14)
59 verbose stack     at Request._callback (/usr/local/lib/node_modules/npm/node_modules/npm-registry-client/lib/request.js:170:14)
59 verbose stack     at Request.self.callback (/usr/local/lib/node_modules/npm/node_modules/request/request.js:354:22)
59 verbose stack     at Request.emit (events.js:110:17)
59 verbose stack     at Request.<anonymous> (/usr/local/lib/node_modules/npm/node_modules/request/request.js:1207:14)
59 verbose stack     at Request.emit (events.js:129:20)
59 verbose stack     at IncomingMessage.<anonymous> (/usr/local/lib/node_modules/npm/node_modules/request/request.js:1153:12)
59 verbose stack     at IncomingMessage.emit (events.js:129:20)
59 verbose stack     at _stream_readable.js:908:16
59 verbose stack     at process._tickCallback (node.js:355:11)
60 verbose statusCode 404
61 verbose pkgid selectordie
62 verbose cwd /Library/WebServer/Documents/cinqs
63 error Darwin 14.4.0
64 error argv "node" "/usr/local/bin/npm" "install" "selectordie"
65 error node v0.12.5
66 error npm  v2.11.2
67 error code E404
68 error 404 Registry returned 404 for GET on https://registry.npmjs.org/selectordie
68 error 404
68 error 404 'selectordie' is not in the npm registry.
68 error 404 You should bug the author to publish it (or use the name yourself!)
68 error 404 It was specified as a dependency of 'cinqs'
68 error 404
68 error 404 Note that you can also install from a
68 error 404 tarball, folder, http url, or git url.
69 verbose exit [ 1, true ]
